<?xml version="1.0" encoding="UTF-8"?>
<testsuite name="tourGuide.integration.UserPreferenceControllerTest" tests="1" skipped="0" failures="0" errors="0" timestamp="2022-04-18T09:42:57" hostname="Middle-Earth" time="0.024">
  <properties/>
  <testcase name="putUpdatePreferencesITest" classname="tourGuide.integration.UserPreferenceControllerTest" time="0.024"/>
  <system-out><![CDATA[2022-04-18 11:42:57.467  INFO 12704 --- [    Test worker] .b.t.c.SpringBootTestContextBootstrapper : Neither @ContextConfiguration nor @ContextHierarchy found for test class [tourGuide.integration.UserPreferenceControllerTest], using SpringBootContextLoader
2022-04-18 11:42:57.468  INFO 12704 --- [    Test worker] o.s.t.c.support.AbstractContextLoader    : Could not detect default resource locations for test class [tourGuide.integration.UserPreferenceControllerTest]: no resource found for suffixes {-context.xml, Context.groovy}.
2022-04-18 11:42:57.468  INFO 12704 --- [    Test worker] t.c.s.AnnotationConfigContextLoaderUtils : Could not detect default configuration classes for test class [tourGuide.integration.UserPreferenceControllerTest]: UserPreferenceControllerTest does not declare any static, non-private, non-final, nested classes annotated with @Configuration.
2022-04-18 11:42:57.471  INFO 12704 --- [    Test worker] .b.t.c.SpringBootTestContextBootstrapper : Found @SpringBootConfiguration tourGuide.Application for test class tourGuide.integration.UserPreferenceControllerTest
2022-04-18 11:42:57.473  INFO 12704 --- [    Test worker] .b.t.c.SpringBootTestContextBootstrapper : Loaded default TestExecutionListener class names from location [META-INF/spring.factories]: [org.springframework.boot.test.autoconfigure.restdocs.RestDocsTestExecutionListener, org.springframework.boot.test.autoconfigure.web.client.MockRestServiceServerResetTestExecutionListener, org.springframework.boot.test.autoconfigure.web.servlet.MockMvcPrintOnlyOnFailureTestExecutionListener, org.springframework.boot.test.autoconfigure.web.servlet.WebDriverTestExecutionListener, org.springframework.boot.test.mock.mockito.MockitoTestExecutionListener, org.springframework.boot.test.mock.mockito.ResetMocksTestExecutionListener, org.springframework.test.context.web.ServletTestExecutionListener, org.springframework.test.context.support.DirtiesContextBeforeModesTestExecutionListener, org.springframework.test.context.support.DependencyInjectionTestExecutionListener, org.springframework.test.context.support.DirtiesContextTestExecutionListener, org.springframework.test.context.transaction.TransactionalTestExecutionListener, org.springframework.test.context.jdbc.SqlScriptsTestExecutionListener]
2022-04-18 11:42:57.474  INFO 12704 --- [    Test worker] .b.t.c.SpringBootTestContextBootstrapper : Using TestExecutionListeners: [org.springframework.test.context.web.ServletTestExecutionListener@bee222f9, org.springframework.test.context.support.DirtiesContextBeforeModesTestExecutionListener@f09a5b21, org.springframework.boot.test.mock.mockito.MockitoTestExecutionListener@5ae358b4, org.springframework.boot.test.autoconfigure.SpringBootDependencyInjectionTestExecutionListener@4821d6c4, org.springframework.test.context.support.DirtiesContextTestExecutionListener@b2afb697, org.springframework.boot.test.autoconfigure.restdocs.RestDocsTestExecutionListener@30aa5db5, org.springframework.boot.test.autoconfigure.web.client.MockRestServiceServerResetTestExecutionListener@f95933c8, org.springframework.boot.test.autoconfigure.web.servlet.MockMvcPrintOnlyOnFailureTestExecutionListener@352681d9, org.springframework.boot.test.autoconfigure.web.servlet.WebDriverTestExecutionListener@ec9ef0fd, org.springframework.boot.test.mock.mockito.ResetMocksTestExecutionListener@96a67ff7]
2022-04-18 11:42:57.478  INFO 12704 --- [    Test worker] o.s.b.t.m.w.SpringBootMockServletContext : Initializing Spring TestDispatcherServlet ''
2022-04-18 11:42:57.478  INFO 12704 --- [    Test worker] o.s.t.web.servlet.TestDispatcherServlet  : Initializing Servlet ''
2022-04-18 11:42:57.481  INFO 12704 --- [    Test worker] o.s.t.web.servlet.TestDispatcherServlet  : Completed initialization in 3 ms
2022-04-18 11:42:57.481 DEBUG 12704 --- [    Test worker] t.service.InternalTestHelperService      : Created 2 internal test users.
2022-04-18 11:42:57.494 DEBUG 12704 --- [    Test worker] t.controller.UserPreferenceController    : update user preference controller
2022-04-18 11:42:57.495 DEBUG 12704 --- [    Test worker] tourGuide.service.TourGuideService       : userPreferenceUpdate

MockHttpServletRequest:
      HTTP Method = PUT
      Request URI = /user/preferences
       Parameters = {user=[internalUser0]}
          Headers = [Content-Type:"application/json", Accept:"application/json"]
             Body = <no character encoding set>
    Session Attrs = {}

Handler:
             Type = tourGuide.controller.UserPreferenceController
           Method = public java.lang.String tourGuide.controller.UserPreferenceController.userUpdatePreferences(java.lang.String,tourGuide.dto.PreferencesDTO)

Async:
    Async started = false
     Async result = null

Resolved Exception:
             Type = null

ModelAndView:
        View name = null
             View = null
            Model = null

FlashMap:
       Attributes = null

MockHttpServletResponse:
           Status = 200
    Error message = null
          Headers = [Content-Type:"application/json;charset=UTF-8", Content-Length:"13"]
     Content type = application/json;charset=UTF-8
             Body = internalUser0
    Forwarded URL = null
   Redirected URL = null
          Cookies = []
]]></system-out>
  <system-err><![CDATA[]]></system-err>
</testsuite>
