<?xml version="1.0" encoding="UTF-8"?>
<testsuite name="tourGuide.service.webclient.GpsUtilWebClientTest" tests="2" skipped="0" failures="0" errors="0" timestamp="2022-04-18T09:45:46" hostname="Middle-Earth" time="0.307">
  <properties/>
  <testcase name="getAllAttractionsTest" classname="tourGuide.service.webclient.GpsUtilWebClientTest" time="0.232"/>
  <testcase name="getUserLocationTest" classname="tourGuide.service.webclient.GpsUtilWebClientTest" time="0.074"/>
  <system-out><![CDATA[2022-04-18 11:45:46.632  INFO 12704 --- [    Test worker] .b.t.c.SpringBootTestContextBootstrapper : Neither @ContextConfiguration nor @ContextHierarchy found for test class [tourGuide.service.webclient.GpsUtilWebClientTest], using SpringBootContextLoader
2022-04-18 11:45:46.632  INFO 12704 --- [    Test worker] o.s.t.c.support.AbstractContextLoader    : Could not detect default resource locations for test class [tourGuide.service.webclient.GpsUtilWebClientTest]: no resource found for suffixes {-context.xml, Context.groovy}.
2022-04-18 11:45:46.633  INFO 12704 --- [    Test worker] t.c.s.AnnotationConfigContextLoaderUtils : Could not detect default configuration classes for test class [tourGuide.service.webclient.GpsUtilWebClientTest]: GpsUtilWebClientTest does not declare any static, non-private, non-final, nested classes annotated with @Configuration.
2022-04-18 11:45:46.645  INFO 12704 --- [    Test worker] .b.t.c.SpringBootTestContextBootstrapper : Found @SpringBootConfiguration tourGuide.Application for test class tourGuide.service.webclient.GpsUtilWebClientTest
2022-04-18 11:45:46.646  INFO 12704 --- [    Test worker] .b.t.c.SpringBootTestContextBootstrapper : Loaded default TestExecutionListener class names from location [META-INF/spring.factories]: [org.springframework.boot.test.autoconfigure.restdocs.RestDocsTestExecutionListener, org.springframework.boot.test.autoconfigure.web.client.MockRestServiceServerResetTestExecutionListener, org.springframework.boot.test.autoconfigure.web.servlet.MockMvcPrintOnlyOnFailureTestExecutionListener, org.springframework.boot.test.autoconfigure.web.servlet.WebDriverTestExecutionListener, org.springframework.boot.test.mock.mockito.MockitoTestExecutionListener, org.springframework.boot.test.mock.mockito.ResetMocksTestExecutionListener, org.springframework.test.context.web.ServletTestExecutionListener, org.springframework.test.context.support.DirtiesContextBeforeModesTestExecutionListener, org.springframework.test.context.support.DependencyInjectionTestExecutionListener, org.springframework.test.context.support.DirtiesContextTestExecutionListener, org.springframework.test.context.transaction.TransactionalTestExecutionListener, org.springframework.test.context.jdbc.SqlScriptsTestExecutionListener]
2022-04-18 11:45:46.647  INFO 12704 --- [    Test worker] .b.t.c.SpringBootTestContextBootstrapper : Using TestExecutionListeners: [org.springframework.test.context.web.ServletTestExecutionListener@cf0cbe5, org.springframework.test.context.support.DirtiesContextBeforeModesTestExecutionListener@75c3d363, org.springframework.boot.test.mock.mockito.MockitoTestExecutionListener@ffbcbb2c, org.springframework.boot.test.autoconfigure.SpringBootDependencyInjectionTestExecutionListener@b414c1ed, org.springframework.test.context.support.DirtiesContextTestExecutionListener@86f88ede, org.springframework.boot.test.autoconfigure.restdocs.RestDocsTestExecutionListener@9e0a5213, org.springframework.boot.test.autoconfigure.web.client.MockRestServiceServerResetTestExecutionListener@bc6d9042, org.springframework.boot.test.autoconfigure.web.servlet.MockMvcPrintOnlyOnFailureTestExecutionListener@940fcfee, org.springframework.boot.test.autoconfigure.web.servlet.WebDriverTestExecutionListener@4d3d32df, org.springframework.boot.test.mock.mockito.ResetMocksTestExecutionListener@8c2eca11]
]]></system-out>
  <system-err><![CDATA[]]></system-err>
</testsuite>
