<?xml version="1.0" encoding="UTF-8"?>
<testsuite name="tourGuide.integration.LocationControllerTest" tests="3" skipped="0" failures="0" errors="0" timestamp="2022-04-18T09:42:56" hostname="Middle-Earth" time="0.518">
  <properties/>
  <testcase name="getNearByAttractionsTest" classname="tourGuide.integration.LocationControllerTest" time="0.485"/>
  <testcase name="getAllCurrentLocationsTest" classname="tourGuide.integration.LocationControllerTest" time="0.017"/>
  <testcase name="getLocationTest" classname="tourGuide.integration.LocationControllerTest" time="0.014"/>
  <system-out><![CDATA[11:42:51.393 [Test worker] DEBUG org.springframework.test.context.junit4.SpringJUnit4ClassRunner - SpringJUnit4ClassRunner constructor called with [class tourGuide.integration.LocationControllerTest]
11:42:51.403 [Test worker] DEBUG org.springframework.test.context.BootstrapUtils - Instantiating CacheAwareContextLoaderDelegate from class [org.springframework.test.context.cache.DefaultCacheAwareContextLoaderDelegate]
11:42:51.416 [Test worker] DEBUG org.springframework.test.context.BootstrapUtils - Instantiating BootstrapContext using constructor [public org.springframework.test.context.support.DefaultBootstrapContext(java.lang.Class,org.springframework.test.context.CacheAwareContextLoaderDelegate)]
11:42:51.450 [Test worker] DEBUG org.springframework.test.context.BootstrapUtils - Instantiating TestContextBootstrapper for test class [tourGuide.integration.LocationControllerTest] from class [org.springframework.boot.test.context.SpringBootTestContextBootstrapper]
11:42:51.469 [Test worker] INFO org.springframework.boot.test.context.SpringBootTestContextBootstrapper - Neither @ContextConfiguration nor @ContextHierarchy found for test class [tourGuide.integration.LocationControllerTest], using SpringBootContextLoader
11:42:51.475 [Test worker] DEBUG org.springframework.test.context.support.AbstractContextLoader - Did not detect default resource location for test class [tourGuide.integration.LocationControllerTest]: class path resource [tourGuide/integration/LocationControllerTest-context.xml] does not exist
11:42:51.475 [Test worker] DEBUG org.springframework.test.context.support.AbstractContextLoader - Did not detect default resource location for test class [tourGuide.integration.LocationControllerTest]: class path resource [tourGuide/integration/LocationControllerTestContext.groovy] does not exist
11:42:51.476 [Test worker] INFO org.springframework.test.context.support.AbstractContextLoader - Could not detect default resource locations for test class [tourGuide.integration.LocationControllerTest]: no resource found for suffixes {-context.xml, Context.groovy}.
11:42:51.477 [Test worker] INFO org.springframework.test.context.support.AnnotationConfigContextLoaderUtils - Could not detect default configuration classes for test class [tourGuide.integration.LocationControllerTest]: LocationControllerTest does not declare any static, non-private, non-final, nested classes annotated with @Configuration.
11:42:51.554 [Test worker] DEBUG org.springframework.test.context.support.ActiveProfilesUtils - Could not find an 'annotation declaring class' for annotation type [org.springframework.test.context.ActiveProfiles] and class [tourGuide.integration.LocationControllerTest]
11:42:51.652 [Test worker] DEBUG org.springframework.context.annotation.ClassPathScanningCandidateComponentProvider - Identified candidate component class: file [C:\Users\kormu\Desktop\OpenClassrooms\Cours\Projet 8)\Tour Guide\TourGuide\build\classes\java\main\tourGuide\Application.class]
11:42:51.661 [Test worker] INFO org.springframework.boot.test.context.SpringBootTestContextBootstrapper - Found @SpringBootConfiguration tourGuide.Application for test class tourGuide.integration.LocationControllerTest
11:42:51.800 [Test worker] DEBUG org.springframework.boot.test.context.SpringBootTestContextBootstrapper - @TestExecutionListeners is not present for class [tourGuide.integration.LocationControllerTest]: using defaults.
11:42:51.800 [Test worker] INFO org.springframework.boot.test.context.SpringBootTestContextBootstrapper - Loaded default TestExecutionListener class names from location [META-INF/spring.factories]: [org.springframework.boot.test.autoconfigure.restdocs.RestDocsTestExecutionListener, org.springframework.boot.test.autoconfigure.web.client.MockRestServiceServerResetTestExecutionListener, org.springframework.boot.test.autoconfigure.web.servlet.MockMvcPrintOnlyOnFailureTestExecutionListener, org.springframework.boot.test.autoconfigure.web.servlet.WebDriverTestExecutionListener, org.springframework.boot.test.mock.mockito.MockitoTestExecutionListener, org.springframework.boot.test.mock.mockito.ResetMocksTestExecutionListener, org.springframework.test.context.web.ServletTestExecutionListener, org.springframework.test.context.support.DirtiesContextBeforeModesTestExecutionListener, org.springframework.test.context.support.DependencyInjectionTestExecutionListener, org.springframework.test.context.support.DirtiesContextTestExecutionListener, org.springframework.test.context.transaction.TransactionalTestExecutionListener, org.springframework.test.context.jdbc.SqlScriptsTestExecutionListener]
11:42:51.821 [Test worker] DEBUG org.springframework.boot.test.context.SpringBootTestContextBootstrapper - Skipping candidate TestExecutionListener [org.springframework.test.context.transaction.TransactionalTestExecutionListener] due to a missing dependency. Specify custom listener classes or make the default listener classes and their required dependencies available. Offending class: [org.springframework.transaction.interceptor.TransactionAttributeSource]
11:42:51.821 [Test worker] DEBUG org.springframework.boot.test.context.SpringBootTestContextBootstrapper - Skipping candidate TestExecutionListener [org.springframework.test.context.jdbc.SqlScriptsTestExecutionListener] due to a missing dependency. Specify custom listener classes or make the default listener classes and their required dependencies available. Offending class: [org.springframework.transaction.interceptor.TransactionAttribute]
11:42:51.821 [Test worker] INFO org.springframework.boot.test.context.SpringBootTestContextBootstrapper - Using TestExecutionListeners: [org.springframework.test.context.web.ServletTestExecutionListener@2eba1d84, org.springframework.test.context.support.DirtiesContextBeforeModesTestExecutionListener@45aa72e9, org.springframework.boot.test.mock.mockito.MockitoTestExecutionListener@57f9de5b, org.springframework.boot.test.autoconfigure.SpringBootDependencyInjectionTestExecutionListener@ce4c0978, org.springframework.test.context.support.DirtiesContextTestExecutionListener@bdcc0371, org.springframework.boot.test.autoconfigure.restdocs.RestDocsTestExecutionListener@16ea6773, org.springframework.boot.test.autoconfigure.web.client.MockRestServiceServerResetTestExecutionListener@6a21362c, org.springframework.boot.test.autoconfigure.web.servlet.MockMvcPrintOnlyOnFailureTestExecutionListener@85f58c7, org.springframework.boot.test.autoconfigure.web.servlet.WebDriverTestExecutionListener@8d66565d, org.springframework.boot.test.mock.mockito.ResetMocksTestExecutionListener@fa542aeb]
11:42:51.826 [Test worker] DEBUG org.springframework.test.annotation.ProfileValueUtils - Retrieved @ProfileValueSourceConfiguration [null] for test class [tourGuide.integration.LocationControllerTest]
11:42:51.826 [Test worker] DEBUG org.springframework.test.annotation.ProfileValueUtils - Retrieved ProfileValueSource type [class org.springframework.test.annotation.SystemProfileValueSource] for class [tourGuide.integration.LocationControllerTest]
11:42:51.827 [Test worker] DEBUG org.springframework.test.annotation.ProfileValueUtils - Retrieved @ProfileValueSourceConfiguration [null] for test class [tourGuide.integration.LocationControllerTest]
11:42:51.827 [Test worker] DEBUG org.springframework.test.annotation.ProfileValueUtils - Retrieved ProfileValueSource type [class org.springframework.test.annotation.SystemProfileValueSource] for class [tourGuide.integration.LocationControllerTest]
11:42:51.833 [Test worker] DEBUG org.springframework.test.context.support.AbstractDirtiesContextTestExecutionListener - Before test class: context [DefaultTestContext@de107409 testClass = LocationControllerTest, testInstance = [null], testMethod = [null], testException = [null], mergedContextConfiguration = [WebMergedContextConfiguration@54156ccb testClass = LocationControllerTest, locations = '{}', classes = '{class tourGuide.Application}', contextInitializerClasses = '[]', activeProfiles = '{}', propertySourceLocations = '{}', propertySourceProperties = '{org.springframework.boot.test.context.SpringBootTestContextBootstrapper=true}', contextCustomizers = set[org.springframework.boot.test.autoconfigure.properties.PropertyMappingContextCustomizer@e7e8512, org.springframework.boot.test.autoconfigure.web.servlet.WebDriverContextCustomizerFactory$Customizer@99135602, [ImportsContextCustomizer@324155e6 key = [org.springframework.boot.test.autoconfigure.web.servlet.MockMvcAutoConfiguration, org.springframework.boot.test.autoconfigure.web.servlet.MockMvcSecurityAutoConfiguration, org.springframework.boot.test.autoconfigure.web.servlet.MockMvcWebClientAutoConfiguration, org.springframework.boot.test.autoconfigure.web.servlet.MockMvcWebDriverAutoConfiguration]], org.springframework.boot.test.context.filter.ExcludeFilterContextCustomizer@6972fe04, org.springframework.boot.test.json.DuplicateJsonObjectContextCustomizerFactory$DuplicateJsonObjectContextCustomizer@4a5f0e05, org.springframework.boot.test.mock.mockito.MockitoContextCustomizer@0, org.springframework.boot.test.web.client.TestRestTemplateContextCustomizer@aa4b2b1a], resourceBasePath = 'src/main/webapp', contextLoader = 'org.springframework.boot.test.context.SpringBootContextLoader', parent = [null]], attributes = map['org.springframework.test.context.web.ServletTestExecutionListener.activateListener' -> true]], class annotated with @DirtiesContext [false] with mode [null].
11:42:51.834 [Test worker] DEBUG org.springframework.test.annotation.ProfileValueUtils - Retrieved @ProfileValueSourceConfiguration [null] for test class [tourGuide.integration.LocationControllerTest]
11:42:51.835 [Test worker] DEBUG org.springframework.test.annotation.ProfileValueUtils - Retrieved ProfileValueSource type [class org.springframework.test.annotation.SystemProfileValueSource] for class [tourGuide.integration.LocationControllerTest]
11:42:51.864 [Test worker] DEBUG org.springframework.test.context.support.TestPropertySourceUtils - Adding inlined properties to environment: {spring.jmx.enabled=false, org.springframework.boot.test.context.SpringBootTestContextBootstrapper=true, server.port=-1}

  .   ____          _            __ _ _
 /\\ / ___'_ __ _ _(_)_ __  __ _ \ \ \ \
( ( )\___ | '_ | '_| | '_ \/ _` | \ \ \ \
 \\/  ___)| |_)| | | | | || (_| |  ) ) ) )
  '  |____| .__|_| |_|_| |_\__, | / / / /
 =========|_|==============|___/=/_/_/_/
 :: Spring Boot ::        (v2.1.6.RELEASE)

2022-04-18 11:42:52.277  INFO 12704 --- [    Test worker] t.integration.LocationControllerTest     : Starting LocationControllerTest on Middle-Earth with PID 12704 (started by kormu in C:\Users\kormu\Desktop\OpenClassrooms\Cours\Projet 8)\Tour Guide\TourGuide)
2022-04-18 11:42:52.278 DEBUG 12704 --- [    Test worker] t.integration.LocationControllerTest     : Running with Spring Boot v2.1.6.RELEASE, Spring v5.1.8.RELEASE
2022-04-18 11:42:52.278  INFO 12704 --- [    Test worker] t.integration.LocationControllerTest     : No active profile set, falling back to default profiles: default
2022-04-18 11:42:54.106  INFO 12704 --- [    Test worker] o.j.m.DefaultMonetaryContextFactory      : Using custom MathContext: precision=256, roundingMode=HALF_EVEN
2022-04-18 11:42:54.881 DEBUG 12704 --- [    Test worker] t.service.InternalTestHelperService      : Created 100000 internal test users.
2022-04-18 11:42:55.839  INFO 12704 --- [    Test worker] o.s.s.concurrent.ThreadPoolTaskExecutor  : Initializing ExecutorService 'applicationTaskExecutor'
2022-04-18 11:42:56.629  INFO 12704 --- [    Test worker] o.s.b.t.m.w.SpringBootMockServletContext : Initializing Spring TestDispatcherServlet ''
2022-04-18 11:42:56.630  INFO 12704 --- [    Test worker] o.s.t.web.servlet.TestDispatcherServlet  : Initializing Servlet ''
2022-04-18 11:42:56.656  INFO 12704 --- [    Test worker] o.s.b.a.e.web.EndpointLinksResolver      : Exposing 2 endpoint(s) beneath base path '/actuator'
2022-04-18 11:42:56.718  INFO 12704 --- [    Test worker] o.s.t.web.servlet.TestDispatcherServlet  : Completed initialization in 88 ms
2022-04-18 11:42:56.783  INFO 12704 --- [    Test worker] t.integration.LocationControllerTest     : Started LocationControllerTest in 4.907 seconds (JVM running for 6.272)
2022-04-18 11:42:57.039  INFO 12704 --- [    Test worker] o.s.b.t.m.w.SpringBootMockServletContext : Initializing Spring TestDispatcherServlet ''
2022-04-18 11:42:57.039  INFO 12704 --- [    Test worker] o.s.t.web.servlet.TestDispatcherServlet  : Initializing Servlet ''
2022-04-18 11:42:57.042  INFO 12704 --- [    Test worker] o.s.t.web.servlet.TestDispatcherServlet  : Completed initialization in 2 ms
2022-04-18 11:42:57.042 DEBUG 12704 --- [    Test worker] t.service.InternalTestHelperService      : Created 1 internal test users.
2022-04-18 11:42:57.097 DEBUG 12704 --- [    Test worker] tourGuide.controller.LocationController  : Controller Get Near By Attractions
2022-04-18 11:42:57.097 DEBUG 12704 --- [    Test worker] tourGuide.service.TourGuideService       : getUser
internalUser0@tourGuide.com
2022-04-18 11:42:57.098 DEBUG 12704 --- [    Test worker] tourGuide.service.TourGuideService       : getUserLocation
internalUser0@tourGuide.com
2022-04-18 11:42:57.098 DEBUG 12704 --- [    Test worker] tourGuide.service.TourGuideService       : getNearByAttractions

MockHttpServletRequest:
      HTTP Method = GET
      Request URI = /getNearByAttractions
       Parameters = {userName=[internalUser0]}
          Headers = []
             Body = <no character encoding set>
    Session Attrs = {}

Handler:
             Type = tourGuide.controller.LocationController
           Method = public java.lang.String tourGuide.controller.LocationController.getNearByAttractions(java.lang.String)

Async:
    Async started = false
     Async result = null

Resolved Exception:
             Type = null

ModelAndView:
        View name = null
             View = null
            Model = null

FlashMap:
       Attributes = null

MockHttpServletResponse:
           Status = 200
    Error message = null
          Headers = [Content-Type:"text/plain;charset=UTF-8", Content-Length:"1470"]
     Content type = text/plain;charset=UTF-8
             Body = [{"attractionName":"Disneyland","city":"Anaheim","state":"CA","attractionId":{"mostSigBits":-1532518740383873697,"leastSigBits":-5656233808873771768,"leastSignificantBits":-5656233808873771768,"mostSignificantBits":-1532518740383873697},"longitude":-117.922008,"latitude":33.817595},{"attractionName":"Jackson Hole","city":"Jackson Hole","state":"WY","attractionId":{"mostSigBits":-5050726568586361475,"leastSigBits":-6583354457511524691,"leastSignificantBits":-6583354457511524691,"mostSignificantBits":-5050726568586361475},"longitude":-110.821999,"latitude":43.582767},{"attractionName":"Mojave National Preserve","city":"Kelso","state":"CA","attractionId":{"mostSigBits":-1402290992850779537,"leastSigBits":-5548285462518104728,"leastSignificantBits":-5548285462518104728,"mostSignificantBits":-1402290992850779537},"longitude":-115.510399,"latitude":35.141689},{"attractionName":"Joshua Tree National Park","city":"Joshua Tree National Park","state":"CA","attractionId":{"mostSigBits":1421424970733732834,"leastSigBits":-7269570029172246200,"leastSignificantBits":-7269570029172246200,"mostSignificantBits":1421424970733732834},"longitude":-115.90065,"latitude":33.881866},{"attractionName":"Buffalo National River","city":"St Joe","state":"AR","attractionId":{"mostSigBits":-2381461062523665155,"leastSigBits":-7210883441917867685,"leastSignificantBits":-7210883441917867685,"mostSignificantBits":-2381461062523665155},"longitude":-92.757652,"latitude":35.985512}]
    Forwarded URL = null
   Redirected URL = null
          Cookies = []
2022-04-18 11:42:57.299  INFO 12704 --- [    Test worker] o.s.b.t.m.w.SpringBootMockServletContext : Initializing Spring TestDispatcherServlet ''
2022-04-18 11:42:57.299  INFO 12704 --- [    Test worker] o.s.t.web.servlet.TestDispatcherServlet  : Initializing Servlet ''
2022-04-18 11:42:57.301  INFO 12704 --- [    Test worker] o.s.t.web.servlet.TestDispatcherServlet  : Completed initialization in 2 ms
2022-04-18 11:42:57.301 DEBUG 12704 --- [    Test worker] t.service.InternalTestHelperService      : Created 1 internal test users.
2022-04-18 11:42:57.303 DEBUG 12704 --- [    Test worker] tourGuide.controller.LocationController  : Controller Get All Current Attractions
2022-04-18 11:42:57.303 DEBUG 12704 --- [    Test worker] tourGuide.service.TourGuideService       : getLocationUsers
2022-04-18 11:42:57.304 DEBUG 12704 --- [    Test worker] tourGuide.service.TourGuideService       : getAllUsers

MockHttpServletRequest:
      HTTP Method = GET
      Request URI = /getAllCurrentLocations
       Parameters = {userName=[internalUser0]}
          Headers = []
             Body = <no character encoding set>
    Session Attrs = {}

Handler:
             Type = tourGuide.controller.LocationController
           Method = public java.lang.String tourGuide.controller.LocationController.getAllCurrentLocations()

Async:
    Async started = false
     Async result = null

Resolved Exception:
             Type = null

ModelAndView:
        View name = null
             View = null
            Model = null

FlashMap:
       Attributes = null

MockHttpServletResponse:
           Status = 200
    Error message = null
          Headers = [Content-Type:"text/plain;charset=UTF-8", Content-Length:"227"]
     Content type = text/plain;charset=UTF-8
             Body = [{"location":{"longitude":-79.444583,"latitude":21.530375},"userId":{"mostSigBits":1554414657275248890,"leastSigBits":-6379998618279959438,"leastSignificantBits":-6379998618279959438,"mostSignificantBits":1554414657275248890}}]
    Forwarded URL = null
   Redirected URL = null
          Cookies = []
2022-04-18 11:42:57.316  INFO 12704 --- [    Test worker] o.s.b.t.m.w.SpringBootMockServletContext : Initializing Spring TestDispatcherServlet ''
2022-04-18 11:42:57.317  INFO 12704 --- [    Test worker] o.s.t.web.servlet.TestDispatcherServlet  : Initializing Servlet ''
2022-04-18 11:42:57.319  INFO 12704 --- [    Test worker] o.s.t.web.servlet.TestDispatcherServlet  : Completed initialization in 2 ms
2022-04-18 11:42:57.319 DEBUG 12704 --- [    Test worker] t.service.InternalTestHelperService      : Created 1 internal test users.
2022-04-18 11:42:57.321 DEBUG 12704 --- [    Test worker] tourGuide.controller.LocationController  : Controller Get Location
2022-04-18 11:42:57.321 DEBUG 12704 --- [    Test worker] tourGuide.service.TourGuideService       : getUser
2022-04-18 11:42:57.321 DEBUG 12704 --- [    Test worker] tourGuide.service.TourGuideService       : getUserLocation

MockHttpServletRequest:
      HTTP Method = GET
      Request URI = /getLocation
       Parameters = {userName=[internalUser0]}
          Headers = []
             Body = <no character encoding set>
    Session Attrs = {}

Handler:
             Type = tourGuide.controller.LocationController
           Method = public java.lang.String tourGuide.controller.LocationController.getLocation(java.lang.String) throws tourGuide.exception.UserNotFoundException

Async:
    Async started = false
     Async result = null

Resolved Exception:
             Type = null

ModelAndView:
        View name = null
             View = null
            Model = null

FlashMap:
       Attributes = null

MockHttpServletResponse:
           Status = 200
    Error message = null
          Headers = [Content-Type:"text/plain;charset=UTF-8", Content-Length:"43"]
     Content type = text/plain;charset=UTF-8
             Body = {"longitude":48.218951,"latitude":4.111089}
    Forwarded URL = null
   Redirected URL = null
          Cookies = []
]]></system-out>
  <system-err><![CDATA[]]></system-err>
</testsuite>
