<?xml version="1.0" encoding="UTF-8"?>
<testsuite name="tourGuide.service.webclient.RewardCentralWebClientTest" tests="1" skipped="0" failures="0" errors="0" timestamp="2022-04-18T09:45:46" hostname="Middle-Earth" time="0.161">
  <properties/>
  <testcase name="rewardCentralWebClientTest" classname="tourGuide.service.webclient.RewardCentralWebClientTest" time="0.161"/>
  <system-out><![CDATA[2022-04-18 11:45:46.957  INFO 12704 --- [    Test worker] .b.t.c.SpringBootTestContextBootstrapper : Neither @ContextConfiguration nor @ContextHierarchy found for test class [tourGuide.service.webclient.RewardCentralWebClientTest], using SpringBootContextLoader
2022-04-18 11:45:46.957  INFO 12704 --- [    Test worker] o.s.t.c.support.AbstractContextLoader    : Could not detect default resource locations for test class [tourGuide.service.webclient.RewardCentralWebClientTest]: no resource found for suffixes {-context.xml, Context.groovy}.
2022-04-18 11:45:46.958  INFO 12704 --- [    Test worker] t.c.s.AnnotationConfigContextLoaderUtils : Could not detect default configuration classes for test class [tourGuide.service.webclient.RewardCentralWebClientTest]: RewardCentralWebClientTest does not declare any static, non-private, non-final, nested classes annotated with @Configuration.
2022-04-18 11:45:46.959  INFO 12704 --- [    Test worker] .b.t.c.SpringBootTestContextBootstrapper : Found @SpringBootConfiguration tourGuide.Application for test class tourGuide.service.webclient.RewardCentralWebClientTest
2022-04-18 11:45:46.961  INFO 12704 --- [    Test worker] .b.t.c.SpringBootTestContextBootstrapper : Loaded default TestExecutionListener class names from location [META-INF/spring.factories]: [org.springframework.boot.test.autoconfigure.restdocs.RestDocsTestExecutionListener, org.springframework.boot.test.autoconfigure.web.client.MockRestServiceServerResetTestExecutionListener, org.springframework.boot.test.autoconfigure.web.servlet.MockMvcPrintOnlyOnFailureTestExecutionListener, org.springframework.boot.test.autoconfigure.web.servlet.WebDriverTestExecutionListener, org.springframework.boot.test.mock.mockito.MockitoTestExecutionListener, org.springframework.boot.test.mock.mockito.ResetMocksTestExecutionListener, org.springframework.test.context.web.ServletTestExecutionListener, org.springframework.test.context.support.DirtiesContextBeforeModesTestExecutionListener, org.springframework.test.context.support.DependencyInjectionTestExecutionListener, org.springframework.test.context.support.DirtiesContextTestExecutionListener, org.springframework.test.context.transaction.TransactionalTestExecutionListener, org.springframework.test.context.jdbc.SqlScriptsTestExecutionListener]
2022-04-18 11:45:46.962  INFO 12704 --- [    Test worker] .b.t.c.SpringBootTestContextBootstrapper : Using TestExecutionListeners: [org.springframework.test.context.web.ServletTestExecutionListener@827866c1, org.springframework.test.context.support.DirtiesContextBeforeModesTestExecutionListener@6bd7d0a0, org.springframework.boot.test.mock.mockito.MockitoTestExecutionListener@36ae8edc, org.springframework.boot.test.autoconfigure.SpringBootDependencyInjectionTestExecutionListener@612f4b47, org.springframework.test.context.support.DirtiesContextTestExecutionListener@4c3bd9e6, org.springframework.boot.test.autoconfigure.restdocs.RestDocsTestExecutionListener@59205d2c, org.springframework.boot.test.autoconfigure.web.client.MockRestServiceServerResetTestExecutionListener@ecead6ad, org.springframework.boot.test.autoconfigure.web.servlet.MockMvcPrintOnlyOnFailureTestExecutionListener@1df4ed72, org.springframework.boot.test.autoconfigure.web.servlet.WebDriverTestExecutionListener@d3a1a36b, org.springframework.boot.test.mock.mockito.ResetMocksTestExecutionListener@642a906d]
]]></system-out>
  <system-err><![CDATA[]]></system-err>
</testsuite>
