<?xml version="1.0" encoding="UTF-8"?>
<testsuite name="tourGuide.service.webclient.TripPricerWebClientTest" tests="1" skipped="0" failures="0" errors="0" timestamp="2022-04-18T09:45:47" hostname="Middle-Earth" time="0.054">
  <properties/>
  <testcase name="getPriceTest" classname="tourGuide.service.webclient.TripPricerWebClientTest" time="0.054"/>
  <system-out><![CDATA[2022-04-18 11:45:47.127  INFO 12704 --- [    Test worker] .b.t.c.SpringBootTestContextBootstrapper : Neither @ContextConfiguration nor @ContextHierarchy found for test class [tourGuide.service.webclient.TripPricerWebClientTest], using SpringBootContextLoader
2022-04-18 11:45:47.128  INFO 12704 --- [    Test worker] o.s.t.c.support.AbstractContextLoader    : Could not detect default resource locations for test class [tourGuide.service.webclient.TripPricerWebClientTest]: no resource found for suffixes {-context.xml, Context.groovy}.
2022-04-18 11:45:47.128  INFO 12704 --- [    Test worker] t.c.s.AnnotationConfigContextLoaderUtils : Could not detect default configuration classes for test class [tourGuide.service.webclient.TripPricerWebClientTest]: TripPricerWebClientTest does not declare any static, non-private, non-final, nested classes annotated with @Configuration.
2022-04-18 11:45:47.129  INFO 12704 --- [    Test worker] .b.t.c.SpringBootTestContextBootstrapper : Found @SpringBootConfiguration tourGuide.Application for test class tourGuide.service.webclient.TripPricerWebClientTest
2022-04-18 11:45:47.131  INFO 12704 --- [    Test worker] .b.t.c.SpringBootTestContextBootstrapper : Loaded default TestExecutionListener class names from location [META-INF/spring.factories]: [org.springframework.boot.test.autoconfigure.restdocs.RestDocsTestExecutionListener, org.springframework.boot.test.autoconfigure.web.client.MockRestServiceServerResetTestExecutionListener, org.springframework.boot.test.autoconfigure.web.servlet.MockMvcPrintOnlyOnFailureTestExecutionListener, org.springframework.boot.test.autoconfigure.web.servlet.WebDriverTestExecutionListener, org.springframework.boot.test.mock.mockito.MockitoTestExecutionListener, org.springframework.boot.test.mock.mockito.ResetMocksTestExecutionListener, org.springframework.test.context.web.ServletTestExecutionListener, org.springframework.test.context.support.DirtiesContextBeforeModesTestExecutionListener, org.springframework.test.context.support.DependencyInjectionTestExecutionListener, org.springframework.test.context.support.DirtiesContextTestExecutionListener, org.springframework.test.context.transaction.TransactionalTestExecutionListener, org.springframework.test.context.jdbc.SqlScriptsTestExecutionListener]
2022-04-18 11:45:47.132  INFO 12704 --- [    Test worker] .b.t.c.SpringBootTestContextBootstrapper : Using TestExecutionListeners: [org.springframework.test.context.web.ServletTestExecutionListener@da2ca94e, org.springframework.test.context.support.DirtiesContextBeforeModesTestExecutionListener@ba8c8b0c, org.springframework.boot.test.mock.mockito.MockitoTestExecutionListener@1d34e87f, org.springframework.boot.test.autoconfigure.SpringBootDependencyInjectionTestExecutionListener@ce7627a0, org.springframework.test.context.support.DirtiesContextTestExecutionListener@70761554, org.springframework.boot.test.autoconfigure.restdocs.RestDocsTestExecutionListener@6506270d, org.springframework.boot.test.autoconfigure.web.client.MockRestServiceServerResetTestExecutionListener@413131eb, org.springframework.boot.test.autoconfigure.web.servlet.MockMvcPrintOnlyOnFailureTestExecutionListener@87cbe89b, org.springframework.boot.test.autoconfigure.web.servlet.WebDriverTestExecutionListener@b1156820, org.springframework.boot.test.mock.mockito.ResetMocksTestExecutionListener@48ef7529]
]]></system-out>
  <system-err><![CDATA[]]></system-err>
</testsuite>
